
> fowzia-bloodline@1.0.0 build
> next build

  ▲ Next.js 14.2.18

   Creating an optimized production build ...
<w> [webpack.cache.PackFileCacheStrategy] Serializing big strings (231kiB) impacts deserialization performance (consider using Buffer instead and decode when needed)
 ✓ Compiled successfully
   Linting and checking validity of types ...
   Collecting page data ...
Error: supabaseUrl is required.
    at D:\Personal\fowzia-bloodline\.next\server\chunks\8456.js:37:51291
    at new rW (D:\Personal\fowzia-bloodline\.next\server\chunks\8456.js:37:51542)
    at rK (D:\Personal\fowzia-bloodline\.next\server\chunks\8456.js:37:55329)
    at 2778 (D:\Personal\fowzia-bloodline\.next\server\app\api\auth\register\donor\route.js:1:517)
    at t (D:\Personal\fowzia-bloodline\.next\server\webpack-runtime.js:1:127)
    at t (D:\Personal\fowzia-bloodline\.next\server\app\api\auth\register\donor\route.js:1:3462)
    at D:\Personal\fowzia-bloodline\.next\server\app\api\auth\register\donor\route.js:1:3505
    at t.X (D:\Personal\fowzia-bloodline\.next\server\webpack-runtime.js:1:1191)
    at D:\Personal\fowzia-bloodline\.next\server\app\api\auth\register\donor\route.js:1:3475
    at Object.<anonymous> (D:\Personal\fowzia-bloodline\.next\server\app\api\auth\register\donor\route.js:1:3532)

> Build error occurred
Error: Failed to collect page data for /api/auth/register/donor
    at D:\Personal\fowzia-bloodline\node_modules\next\dist\build\utils.js:1268:15
    at process.processTicksAndRejections (node:internal/process/task_queues:104:5) {
  type: 'Error'
}
